<?xml version="1.0" encoding="UTF-8"?>
<!-- Generated by org.testng.reporters.JUnitReportReporter -->
<testsuite hostname="DESKTOP-TK74BCL" failures="0" tests="4" name="CucumberRunner.PurchaseOrderRunner" time="29.599" errors="0" timestamp="2025-04-15T15:19:15 IST" skipped="0">
  <testcase classname="CucumberRunner.PurchaseOrderRunner" name="runScenario" time="3.980"/>
  <testcase classname="CucumberRunner.PurchaseOrderRunner" name="runScenario" time="7.493"/>
  <testcase classname="CucumberRunner.PurchaseOrderRunner" name="runScenario" time="10.426"/>
  <testcase classname="CucumberRunner.PurchaseOrderRunner" name="runScenario" time="7.700"/>
</testsuite> <!-- CucumberRunner.PurchaseOrderRunner -->
